Reading file ../mesh_80_Co_0.1/constant/polyMesh/owner
Reading file ../mesh_80_Co_0.1/constant/polyMesh/faces
Reading file ../mesh_80_Co_0.1/constant/polyMesh/points
Reading file ../mesh_80_Co_0.1/constant/polyMesh/neighbour
Reading file ../mesh_80_Co_0.1/0/U
[31mWarning : uniform field  of type vector!

Only constant field in output
[0m
Reading file ../mesh_80_Co_0.1/0/alpha.water
Reading file ../mesh_80_Co_0.1/0.05/U
Reading file ../mesh_80_Co_0.1/0.05/alpha.water
Reading file ../mesh_80_Co_0.1/0.1/U
Reading file ../mesh_80_Co_0.1/0.1/alpha.water
Reading file ../mesh_80_Co_0.1/0.15/U
Reading file ../mesh_80_Co_0.1/0.15/alpha.water
Reading file ../mesh_80_Co_0.1/0.2/U
Reading file ../mesh_80_Co_0.1/0.2/alpha.water
Reading file ../mesh_80_Co_0.1/0.25/U
Reading file ../mesh_80_Co_0.1/0.25/alpha.water
Reading file ../mesh_80_Co_0.1/0.3/U
Reading file ../mesh_80_Co_0.1/0.3/alpha.water
Reading file ../mesh_80_Co_0.1/0.35/U
Reading file ../mesh_80_Co_0.1/0.35/alpha.water
Reading file ../mesh_80_Co_0.1/0.4/U
Reading file ../mesh_80_Co_0.1/0.4/alpha.water
Reading file ../mesh_80_Co_0.1/0.45/U
Reading file ../mesh_80_Co_0.1/0.45/alpha.water
Reading file ../mesh_80_Co_0.1/0.5/U
Reading file ../mesh_80_Co_0.1/0.5/alpha.water
Reading file ../mesh_80_Co_0.1/0.55/U
Reading file ../mesh_80_Co_0.1/0.55/alpha.water
Reading file ../mesh_80_Co_0.1/0.6/U
Reading file ../mesh_80_Co_0.1/0.6/alpha.water
Reading file ../mesh_80_Co_0.1/0.65/U
Reading file ../mesh_80_Co_0.1/0.65/alpha.water
Reading file ../mesh_80_Co_0.1/0.7/U
Reading file ../mesh_80_Co_0.1/0.7/alpha.water
Reading file ../mesh_80_Co_0.1/0.75/U
Reading file ../mesh_80_Co_0.1/0.75/alpha.water
Reading file ../mesh_80_Co_0.1/0.8/U
Reading file ../mesh_80_Co_0.1/0.8/alpha.water
Reading file ../mesh_80_Co_0.1/0.85/U
Reading file ../mesh_80_Co_0.1/0.85/alpha.water
Reading file ../mesh_80_Co_0.1/0.9/U
Reading file ../mesh_80_Co_0.1/0.9/alpha.water
Reading file ../mesh_80_Co_0.1/0.95/U
Reading file ../mesh_80_Co_0.1/0.95/alpha.water
Reading file ../mesh_80_Co_0.1/1/U
Reading file ../mesh_80_Co_0.1/1/alpha.water
Reading file ../mesh_80_Co_0.1/1.05/U
Reading file ../mesh_80_Co_0.1/1.05/alpha.water
Reading file ../mesh_80_Co_0.1/1.1/U
Reading file ../mesh_80_Co_0.1/1.1/alpha.water
Reading file ../mesh_80_Co_0.1/1.15/U
Reading file ../mesh_80_Co_0.1/1.15/alpha.water
Reading file ../mesh_80_Co_0.1/1.2/U
Reading file ../mesh_80_Co_0.1/1.2/alpha.water
Reading file ../mesh_80_Co_0.1/1.25/U
Reading file ../mesh_80_Co_0.1/1.25/alpha.water
Reading file ../mesh_80_Co_0.1/1.3/U
Reading file ../mesh_80_Co_0.1/1.3/alpha.water
Reading file ../mesh_80_Co_0.1/1.35/U
Reading file ../mesh_80_Co_0.1/1.35/alpha.water
Reading file ../mesh_80_Co_0.1/1.4/U
Reading file ../mesh_80_Co_0.1/1.4/alpha.water
Reading file ../mesh_80_Co_0.1/1.45/U
Reading file ../mesh_80_Co_0.1/1.45/alpha.water
Reading file ../mesh_80_Co_0.1/1.5/U
Reading file ../mesh_80_Co_0.1/1.5/alpha.water
Reading file ../mesh_80_Co_0.1/1.55/U
Reading file ../mesh_80_Co_0.1/1.55/alpha.water
Reading file ../mesh_80_Co_0.1/1.6/U
Reading file ../mesh_80_Co_0.1/1.6/alpha.water
Reading file ../mesh_80_Co_0.1/1.65/U
Reading file ../mesh_80_Co_0.1/1.65/alpha.water
Reading file ../mesh_80_Co_0.1/1.7/U
Reading file ../mesh_80_Co_0.1/1.7/alpha.water
Reading file ../mesh_80_Co_0.1/1.75/U
Reading file ../mesh_80_Co_0.1/1.75/alpha.water
Reading file ../mesh_80_Co_0.1/1.8/U
Reading file ../mesh_80_Co_0.1/1.8/alpha.water
Reading file ../mesh_80_Co_0.1/1.85/U
Reading file ../mesh_80_Co_0.1/1.85/alpha.water
Reading file ../mesh_80_Co_0.1/1.9/U
Reading file ../mesh_80_Co_0.1/1.9/alpha.water
Reading file ../mesh_80_Co_0.1/1.95/U
Reading file ../mesh_80_Co_0.1/1.95/alpha.water
Reading file ../mesh_80_Co_0.1/2/U
Reading file ../mesh_80_Co_0.1/2/alpha.water
Reading file ../mesh_80_Co_0.1/2.05/U
Reading file ../mesh_80_Co_0.1/2.05/alpha.water
Reading file ../mesh_80_Co_0.1/2.1/U
Reading file ../mesh_80_Co_0.1/2.1/alpha.water
Reading file ../mesh_80_Co_0.1/2.15/U
Reading file ../mesh_80_Co_0.1/2.15/alpha.water
Reading file ../mesh_80_Co_0.1/2.2/U
Reading file ../mesh_80_Co_0.1/2.2/alpha.water
Reading file ../mesh_80_Co_0.1/2.25/U
Reading file ../mesh_80_Co_0.1/2.25/alpha.water
Reading file ../mesh_80_Co_0.1/2.3/U
Reading file ../mesh_80_Co_0.1/2.3/alpha.water
Reading file ../mesh_80_Co_0.1/2.35/U
Reading file ../mesh_80_Co_0.1/2.35/alpha.water
Reading file ../mesh_80_Co_0.1/2.4/U
Reading file ../mesh_80_Co_0.1/2.4/alpha.water
Reading file ../mesh_80_Co_0.1/2.45/U
Reading file ../mesh_80_Co_0.1/2.45/alpha.water
Reading file ../mesh_80_Co_0.1/2.5/U
Reading file ../mesh_80_Co_0.1/2.5/alpha.water
Reading file ../mesh_80_Co_0.1/2.55/U
Reading file ../mesh_80_Co_0.1/2.55/alpha.water
Reading file ../mesh_80_Co_0.1/2.6/U
Reading file ../mesh_80_Co_0.1/2.6/alpha.water
Reading file ../mesh_80_Co_0.1/2.65/U
Reading file ../mesh_80_Co_0.1/2.65/alpha.water
Reading file ../mesh_80_Co_0.1/2.7/U
Reading file ../mesh_80_Co_0.1/2.7/alpha.water
Reading file ../mesh_80_Co_0.1/2.75/U
Reading file ../mesh_80_Co_0.1/2.75/alpha.water
Reading file ../mesh_80_Co_0.1/2.8/U
Reading file ../mesh_80_Co_0.1/2.8/alpha.water
Reading file ../mesh_80_Co_0.1/2.85/U
Reading file ../mesh_80_Co_0.1/2.85/alpha.water
Reading file ../mesh_80_Co_0.1/2.9/U
Reading file ../mesh_80_Co_0.1/2.9/alpha.water
Reading file ../mesh_80_Co_0.1/2.95/U
Reading file ../mesh_80_Co_0.1/2.95/alpha.water
Reading file ../mesh_80_Co_0.1/3/U
Reading file ../mesh_80_Co_0.1/3/alpha.water
Reading file ../mesh_80_Co_0.01/constant/polyMesh/owner
Reading file ../mesh_80_Co_0.01/constant/polyMesh/faces
Reading file ../mesh_80_Co_0.01/constant/polyMesh/points
Reading file ../mesh_80_Co_0.01/constant/polyMesh/neighbour
Reading file ../mesh_80_Co_0.01/0/U
[31mWarning : uniform field  of type vector!

Only constant field in output
[0m
Reading file ../mesh_80_Co_0.01/0/alpha.water
Reading file ../mesh_80_Co_0.01/0.05/U
Reading file ../mesh_80_Co_0.01/0.05/alpha.water
Reading file ../mesh_80_Co_0.01/0.1/U
Reading file ../mesh_80_Co_0.01/0.1/alpha.water
Reading file ../mesh_80_Co_0.01/0.15/U
Reading file ../mesh_80_Co_0.01/0.15/alpha.water
Reading file ../mesh_80_Co_0.01/0.2/U
Reading file ../mesh_80_Co_0.01/0.2/alpha.water
Reading file ../mesh_80_Co_0.01/0.25/U
Reading file ../mesh_80_Co_0.01/0.25/alpha.water
Reading file ../mesh_80_Co_0.01/0.3/U
Reading file ../mesh_80_Co_0.01/0.3/alpha.water
Reading file ../mesh_80_Co_0.01/0.35/U
Reading file ../mesh_80_Co_0.01/0.35/alpha.water
Reading file ../mesh_80_Co_0.01/0.4/U
Reading file ../mesh_80_Co_0.01/0.4/alpha.water
Reading file ../mesh_80_Co_0.01/0.45/U
Reading file ../mesh_80_Co_0.01/0.45/alpha.water
Reading file ../mesh_80_Co_0.01/0.5/U
Reading file ../mesh_80_Co_0.01/0.5/alpha.water
Reading file ../mesh_80_Co_0.01/0.55/U
Reading file ../mesh_80_Co_0.01/0.55/alpha.water
Reading file ../mesh_80_Co_0.01/0.6/U
Reading file ../mesh_80_Co_0.01/0.6/alpha.water
Reading file ../mesh_80_Co_0.01/0.65/U
Reading file ../mesh_80_Co_0.01/0.65/alpha.water
Reading file ../mesh_80_Co_0.01/0.7/U
Reading file ../mesh_80_Co_0.01/0.7/alpha.water
Reading file ../mesh_80_Co_0.01/0.75/U
Reading file ../mesh_80_Co_0.01/0.75/alpha.water
Reading file ../mesh_80_Co_0.01/0.8/U
Reading file ../mesh_80_Co_0.01/0.8/alpha.water
Reading file ../mesh_80_Co_0.01/0.85/U
Reading file ../mesh_80_Co_0.01/0.85/alpha.water
Reading file ../mesh_80_Co_0.01/0.9/U
Reading file ../mesh_80_Co_0.01/0.9/alpha.water
Reading file ../mesh_80_Co_0.01/0.95/U
Reading file ../mesh_80_Co_0.01/0.95/alpha.water
Reading file ../mesh_80_Co_0.01/1/U
Reading file ../mesh_80_Co_0.01/1/alpha.water
Reading file ../mesh_80_Co_0.01/1.05/U
Reading file ../mesh_80_Co_0.01/1.05/alpha.water
Reading file ../mesh_80_Co_0.01/1.1/U
Reading file ../mesh_80_Co_0.01/1.1/alpha.water
Reading file ../mesh_80_Co_0.01/1.15/U
Reading file ../mesh_80_Co_0.01/1.15/alpha.water
Reading file ../mesh_80_Co_0.01/1.2/U
Reading file ../mesh_80_Co_0.01/1.2/alpha.water
Reading file ../mesh_80_Co_0.01/1.25/U
Reading file ../mesh_80_Co_0.01/1.25/alpha.water
Reading file ../mesh_80_Co_0.01/1.3/U
Reading file ../mesh_80_Co_0.01/1.3/alpha.water
Reading file ../mesh_80_Co_0.01/1.35/U
Reading file ../mesh_80_Co_0.01/1.35/alpha.water
Reading file ../mesh_80_Co_0.01/1.4/U
Reading file ../mesh_80_Co_0.01/1.4/alpha.water
Reading file ../mesh_80_Co_0.01/1.45/U
Reading file ../mesh_80_Co_0.01/1.45/alpha.water
Reading file ../mesh_80_Co_0.01/1.5/U
Reading file ../mesh_80_Co_0.01/1.5/alpha.water
Reading file ../mesh_80_Co_0.01/1.55/U
Reading file ../mesh_80_Co_0.01/1.55/alpha.water
Reading file ../mesh_80_Co_0.01/1.6/U
Reading file ../mesh_80_Co_0.01/1.6/alpha.water
Reading file ../mesh_80_Co_0.01/1.65/U
Reading file ../mesh_80_Co_0.01/1.65/alpha.water
Reading file ../mesh_80_Co_0.01/1.7/U
Reading file ../mesh_80_Co_0.01/1.7/alpha.water
Reading file ../mesh_80_Co_0.01/1.75/U
Reading file ../mesh_80_Co_0.01/1.75/alpha.water
Reading file ../mesh_80_Co_0.01/1.8/U
Reading file ../mesh_80_Co_0.01/1.8/alpha.water
Reading file ../mesh_80_Co_0.01/1.85/U
Reading file ../mesh_80_Co_0.01/1.85/alpha.water
Reading file ../mesh_80_Co_0.01/1.9/U
Reading file ../mesh_80_Co_0.01/1.9/alpha.water
Reading file ../mesh_80_Co_0.01/1.95/U
Reading file ../mesh_80_Co_0.01/1.95/alpha.water
Reading file ../mesh_80_Co_0.01/2/U
Reading file ../mesh_80_Co_0.01/2/alpha.water
Reading file ../mesh_80_Co_0.01/2.05/U
Reading file ../mesh_80_Co_0.01/2.05/alpha.water
Reading file ../mesh_80_Co_0.01/2.1/U
Reading file ../mesh_80_Co_0.01/2.1/alpha.water
Reading file ../mesh_80_Co_0.01/2.15/U
Reading file ../mesh_80_Co_0.01/2.15/alpha.water
Reading file ../mesh_80_Co_0.01/2.2/U
Reading file ../mesh_80_Co_0.01/2.2/alpha.water
Reading file ../mesh_80_Co_0.01/2.25/U
Reading file ../mesh_80_Co_0.01/2.25/alpha.water
Reading file ../mesh_80_Co_0.01/2.3/U
Reading file ../mesh_80_Co_0.01/2.3/alpha.water
Reading file ../mesh_80_Co_0.01/2.35/U
Reading file ../mesh_80_Co_0.01/2.35/alpha.water
Reading file ../mesh_80_Co_0.01/2.4/U
Reading file ../mesh_80_Co_0.01/2.4/alpha.water
Reading file ../mesh_80_Co_0.01/2.45/U
Reading file ../mesh_80_Co_0.01/2.45/alpha.water
Reading file ../mesh_80_Co_0.01/2.5/U
Reading file ../mesh_80_Co_0.01/2.5/alpha.water
Reading file ../mesh_80_Co_0.01/2.55/U
Reading file ../mesh_80_Co_0.01/2.55/alpha.water
Reading file ../mesh_80_Co_0.01/2.6/U
Reading file ../mesh_80_Co_0.01/2.6/alpha.water
Reading file ../mesh_80_Co_0.01/2.65/U
Reading file ../mesh_80_Co_0.01/2.65/alpha.water
Reading file ../mesh_80_Co_0.01/2.7/U
Reading file ../mesh_80_Co_0.01/2.7/alpha.water
Reading file ../mesh_80_Co_0.01/2.75/U
Reading file ../mesh_80_Co_0.01/2.75/alpha.water
Reading file ../mesh_80_Co_0.01/2.8/U
Reading file ../mesh_80_Co_0.01/2.8/alpha.water
Reading file ../mesh_80_Co_0.01/2.85/U
Reading file ../mesh_80_Co_0.01/2.85/alpha.water
Reading file ../mesh_80_Co_0.01/2.9/U
Reading file ../mesh_80_Co_0.01/2.9/alpha.water
Reading file ../mesh_80_Co_0.01/2.95/U
Reading file ../mesh_80_Co_0.01/2.95/alpha.water
Reading file ../mesh_80_Co_0.01/3/U
Reading file ../mesh_80_Co_0.01/3/alpha.water
Reading file ../mesh_160_Co_0.01/constant/polyMesh/owner
Reading file ../mesh_160_Co_0.01/constant/polyMesh/faces
Reading file ../mesh_160_Co_0.01/constant/polyMesh/points
Reading file ../mesh_160_Co_0.01/constant/polyMesh/neighbour
Reading file ../mesh_160_Co_0.01/0/U
[31mWarning : uniform field  of type vector!

Only constant field in output
[0m
Reading file ../mesh_160_Co_0.01/0/alpha.water
Reading file ../mesh_160_Co_0.01/0.05/U
Reading file ../mesh_160_Co_0.01/0.05/alpha.water
Reading file ../mesh_160_Co_0.01/0.1/U
Reading file ../mesh_160_Co_0.01/0.1/alpha.water
Reading file ../mesh_160_Co_0.01/0.15/U
Reading file ../mesh_160_Co_0.01/0.15/alpha.water
Reading file ../mesh_160_Co_0.01/0.2/U
Reading file ../mesh_160_Co_0.01/0.2/alpha.water
Reading file ../mesh_160_Co_0.01/0.25/U
Reading file ../mesh_160_Co_0.01/0.25/alpha.water
Reading file ../mesh_160_Co_0.01/0.3/U
Reading file ../mesh_160_Co_0.01/0.3/alpha.water
Reading file ../mesh_160_Co_0.01/0.35/U
Reading file ../mesh_160_Co_0.01/0.35/alpha.water
Reading file ../mesh_160_Co_0.01/0.4/U
Reading file ../mesh_160_Co_0.01/0.4/alpha.water
Reading file ../mesh_160_Co_0.01/0.45/U
Reading file ../mesh_160_Co_0.01/0.45/alpha.water
Reading file ../mesh_160_Co_0.01/0.5/U
Reading file ../mesh_160_Co_0.01/0.5/alpha.water
Reading file ../mesh_160_Co_0.01/0.55/U
Reading file ../mesh_160_Co_0.01/0.55/alpha.water
Reading file ../mesh_160_Co_0.01/0.6/U
Reading file ../mesh_160_Co_0.01/0.6/alpha.water
Reading file ../mesh_160_Co_0.01/0.65/U
Reading file ../mesh_160_Co_0.01/0.65/alpha.water
Reading file ../mesh_160_Co_0.01/0.7/U
Reading file ../mesh_160_Co_0.01/0.7/alpha.water
Reading file ../mesh_160_Co_0.01/0.75/U
Reading file ../mesh_160_Co_0.01/0.75/alpha.water
Reading file ../mesh_160_Co_0.01/0.8/U
Reading file ../mesh_160_Co_0.01/0.8/alpha.water
Reading file ../mesh_160_Co_0.01/0.85/U
Reading file ../mesh_160_Co_0.01/0.85/alpha.water
Reading file ../mesh_160_Co_0.01/0.9/U
Reading file ../mesh_160_Co_0.01/0.9/alpha.water
Reading file ../mesh_160_Co_0.01/0.95/U
Reading file ../mesh_160_Co_0.01/0.95/alpha.water
Reading file ../mesh_160_Co_0.01/1/U
Reading file ../mesh_160_Co_0.01/1/alpha.water
Reading file ../mesh_160_Co_0.01/1.05/U
Reading file ../mesh_160_Co_0.01/1.05/alpha.water
Reading file ../mesh_160_Co_0.01/1.1/U
Reading file ../mesh_160_Co_0.01/1.1/alpha.water
Reading file ../mesh_160_Co_0.01/1.15/U
Reading file ../mesh_160_Co_0.01/1.15/alpha.water
Reading file ../mesh_160_Co_0.01/1.2/U
Reading file ../mesh_160_Co_0.01/1.2/alpha.water
Reading file ../mesh_160_Co_0.01/1.25/U
Reading file ../mesh_160_Co_0.01/1.25/alpha.water
Reading file ../mesh_160_Co_0.01/1.3/U
Reading file ../mesh_160_Co_0.01/1.3/alpha.water
Reading file ../mesh_160_Co_0.01/1.35/U
Reading file ../mesh_160_Co_0.01/1.35/alpha.water
Reading file ../mesh_160_Co_0.01/1.4/U
Reading file ../mesh_160_Co_0.01/1.4/alpha.water
Reading file ../mesh_160_Co_0.01/1.45/U
Reading file ../mesh_160_Co_0.01/1.45/alpha.water
Reading file ../mesh_160_Co_0.01/1.5/U
Reading file ../mesh_160_Co_0.01/1.5/alpha.water
Reading file ../mesh_160_Co_0.01/1.55/U
Reading file ../mesh_160_Co_0.01/1.55/alpha.water
Reading file ../mesh_160_Co_0.01/1.6/U
Reading file ../mesh_160_Co_0.01/1.6/alpha.water
Reading file ../mesh_160_Co_0.01/1.65/U
Reading file ../mesh_160_Co_0.01/1.65/alpha.water
Reading file ../mesh_160_Co_0.01/1.7/U
Reading file ../mesh_160_Co_0.01/1.7/alpha.water
Reading file ../mesh_160_Co_0.01/1.75/U
Reading file ../mesh_160_Co_0.01/1.75/alpha.water
Reading file ../mesh_160_Co_0.01/1.8/U
Reading file ../mesh_160_Co_0.01/1.8/alpha.water
Reading file ../mesh_160_Co_0.01/1.85/U
Reading file ../mesh_160_Co_0.01/1.85/alpha.water
Reading file ../mesh_160_Co_0.01/1.9/U
Reading file ../mesh_160_Co_0.01/1.9/alpha.water
Reading file ../mesh_160_Co_0.01/1.95/U
Reading file ../mesh_160_Co_0.01/1.95/alpha.water
Reading file ../mesh_160_Co_0.01/2/U
Reading file ../mesh_160_Co_0.01/2/alpha.water
Reading file ../mesh_160_Co_0.01/2.05/U
Reading file ../mesh_160_Co_0.01/2.05/alpha.water
Reading file ../mesh_160_Co_0.01/2.1/U
Reading file ../mesh_160_Co_0.01/2.1/alpha.water
Reading file ../mesh_160_Co_0.01/2.15/U
Reading file ../mesh_160_Co_0.01/2.15/alpha.water
Reading file ../mesh_160_Co_0.01/2.2/U
Reading file ../mesh_160_Co_0.01/2.2/alpha.water
Reading file ../mesh_160_Co_0.01/2.25/U
Reading file ../mesh_160_Co_0.01/2.25/alpha.water
Reading file ../mesh_160_Co_0.01/2.3/U
Reading file ../mesh_160_Co_0.01/2.3/alpha.water
Reading file ../mesh_160_Co_0.01/2.35/U
Reading file ../mesh_160_Co_0.01/2.35/alpha.water
Reading file ../mesh_160_Co_0.01/2.4/U
Reading file ../mesh_160_Co_0.01/2.4/alpha.water
Reading file ../mesh_160_Co_0.01/2.45/U
Reading file ../mesh_160_Co_0.01/2.45/alpha.water
Reading file ../mesh_160_Co_0.01/2.5/U
Reading file ../mesh_160_Co_0.01/2.5/alpha.water
Reading file ../mesh_160_Co_0.01/2.55/U
Reading file ../mesh_160_Co_0.01/2.55/alpha.water
Reading file ../mesh_160_Co_0.01/2.6/U
Reading file ../mesh_160_Co_0.01/2.6/alpha.water
Reading file ../mesh_160_Co_0.01/2.65/U
Reading file ../mesh_160_Co_0.01/2.65/alpha.water
Reading file ../mesh_160_Co_0.01/2.7/U
Reading file ../mesh_160_Co_0.01/2.7/alpha.water
Reading file ../mesh_160_Co_0.01/2.75/U
Reading file ../mesh_160_Co_0.01/2.75/alpha.water
Reading file ../mesh_160_Co_0.01/2.8/U
Reading file ../mesh_160_Co_0.01/2.8/alpha.water
Reading file ../mesh_160_Co_0.01/2.85/U
Reading file ../mesh_160_Co_0.01/2.85/alpha.water
Reading file ../mesh_160_Co_0.01/2.9/U
Reading file ../mesh_160_Co_0.01/2.9/alpha.water
Reading file ../mesh_160_Co_0.01/2.95/U
Reading file ../mesh_160_Co_0.01/2.95/alpha.water
Reading file ../mesh_160_Co_0.01/3/U
Reading file ../mesh_160_Co_0.01/3/alpha.water
